2018-08-27 09:15:33,224 CRIT Supervisor running as root (no user in config file)
2018-08-27 09:15:33,224 INFO Included extra file "/etc/supervisor/conf.d/supervisord.conf" during parsing
2018-08-27 09:15:33,244 INFO RPC interface 'supervisor' initialized
2018-08-27 09:15:33,244 CRIT Server 'unix_http_server' running without any HTTP authentication checking
2018-08-27 09:15:33,245 INFO supervisord started with pid 1
2018-08-27 09:15:34,248 INFO spawned: 'varnishd' with pid 15
2018-08-27 09:15:34,251 INFO spawned: 'php-fpm' with pid 16
2018-08-27 09:15:34,260 INFO spawned: 'varnish-plugins-watcher' with pid 17
2018-08-27 09:15:34,267 INFO spawned: 'nginx' with pid 18
2018-08-27 09:15:34,286 INFO spawned: 'MailHog' with pid 19
2018-08-27 09:15:34,300 INFO spawned: 'mysql' with pid 22
2018-08-27 09:15:34,307 INFO spawned: 'varnish-themes-watcher' with pid 23
2018-08-27 09:15:36,047 INFO success: varnishd entered RUNNING state, process has stayed up for > than 1 seconds (startsecs)
2018-08-27 09:15:36,047 INFO success: php-fpm entered RUNNING state, process has stayed up for > than 1 seconds (startsecs)
2018-08-27 09:15:36,048 INFO success: varnish-plugins-watcher entered RUNNING state, process has stayed up for > than 1 seconds (startsecs)
2018-08-27 09:15:36,048 INFO success: nginx entered RUNNING state, process has stayed up for > than 1 seconds (startsecs)
2018-08-27 09:15:36,048 INFO success: MailHog entered RUNNING state, process has stayed up for > than 1 seconds (startsecs)
2018-08-27 09:15:36,048 INFO success: mysql entered RUNNING state, process has stayed up for > than 1 seconds (startsecs)
2018-08-27 09:15:36,048 INFO success: varnish-themes-watcher entered RUNNING state, process has stayed up for > than 1 seconds (startsecs)
2018-08-28 07:24:11,467 CRIT Supervisor running as root (no user in config file)
2018-08-28 07:24:11,467 INFO Included extra file "/etc/supervisor/conf.d/supervisord.conf" during parsing
2018-08-28 07:24:11,798 INFO RPC interface 'supervisor' initialized
2018-08-28 07:24:11,799 CRIT Server 'unix_http_server' running without any HTTP authentication checking
2018-08-28 07:24:11,800 INFO supervisord started with pid 1
2018-08-28 07:24:12,804 INFO spawned: 'varnishd' with pid 34
2018-08-28 07:24:12,807 INFO spawned: 'php-fpm' with pid 35
2018-08-28 07:24:12,815 INFO spawned: 'varnish-plugins-watcher' with pid 36
2018-08-28 07:24:12,819 INFO spawned: 'nginx' with pid 37
2018-08-28 07:24:12,827 INFO spawned: 'MailHog' with pid 38
2018-08-28 07:24:12,842 INFO spawned: 'mysql' with pid 39
2018-08-28 07:24:12,851 INFO spawned: 'varnish-themes-watcher' with pid 40
2018-08-28 07:24:14,413 INFO success: varnishd entered RUNNING state, process has stayed up for > than 1 seconds (startsecs)
2018-08-28 07:24:14,414 INFO success: php-fpm entered RUNNING state, process has stayed up for > than 1 seconds (startsecs)
2018-08-28 07:24:14,414 INFO success: varnish-plugins-watcher entered RUNNING state, process has stayed up for > than 1 seconds (startsecs)
2018-08-28 07:24:14,414 INFO success: nginx entered RUNNING state, process has stayed up for > than 1 seconds (startsecs)
2018-08-28 07:24:14,415 INFO success: MailHog entered RUNNING state, process has stayed up for > than 1 seconds (startsecs)
2018-08-28 07:24:14,415 INFO success: mysql entered RUNNING state, process has stayed up for > than 1 seconds (startsecs)
2018-08-28 07:24:14,415 INFO success: varnish-themes-watcher entered RUNNING state, process has stayed up for > than 1 seconds (startsecs)
2018-08-28 14:39:03,252 WARN received SIGTERM indicating exit request
2018-08-28 14:39:03,253 INFO waiting for varnishd, php-fpm, varnish-plugins-watcher, nginx, MailHog, mysql, varnish-themes-watcher to die
2018-08-28 14:39:03,253 INFO stopped: varnish-themes-watcher (terminated by SIGTERM)
2018-08-28 14:39:03,272 INFO stopped: mysql (exit status 0)
2018-08-28 14:39:03,274 INFO stopped: MailHog (terminated by SIGTERM)
2018-08-28 14:39:03,279 INFO stopped: nginx (exit status 0)
2018-08-28 14:39:04,126 INFO stopped: varnish-plugins-watcher (terminated by SIGTERM)
2018-08-28 14:39:04,126 INFO reaped unknown pid 15653
2018-08-28 14:39:04,143 INFO reaped unknown pid 15654
2018-08-28 14:39:04,144 INFO stopped: php-fpm (exit status 0)
2018-08-28 14:39:04,953 INFO reaped unknown pid 54
2018-08-28 14:39:05,220 INFO stopped: varnishd (exit status 0)
2018-08-29 07:20:12,654 CRIT Supervisor running as root (no user in config file)
2018-08-29 07:20:12,655 INFO Included extra file "/etc/supervisor/conf.d/supervisord.conf" during parsing
2018-08-29 07:20:12,702 INFO RPC interface 'supervisor' initialized
2018-08-29 07:20:12,704 CRIT Server 'unix_http_server' running without any HTTP authentication checking
2018-08-29 07:20:12,704 INFO supervisord started with pid 1
2018-08-29 07:20:13,710 INFO spawned: 'varnishd' with pid 35
2018-08-29 07:20:13,719 INFO spawned: 'php-fpm' with pid 36
2018-08-29 07:20:13,721 INFO spawned: 'varnish-plugins-watcher' with pid 37
2018-08-29 07:20:13,726 INFO spawned: 'nginx' with pid 38
2018-08-29 07:20:13,736 INFO spawned: 'MailHog' with pid 39
2018-08-29 07:20:13,751 INFO spawned: 'mysql' with pid 40
2018-08-29 07:20:13,770 INFO spawned: 'varnish-themes-watcher' with pid 41
2018-08-29 07:20:15,189 INFO success: varnishd entered RUNNING state, process has stayed up for > than 1 seconds (startsecs)
2018-08-29 07:20:15,189 INFO success: php-fpm entered RUNNING state, process has stayed up for > than 1 seconds (startsecs)
2018-08-29 07:20:15,189 INFO success: varnish-plugins-watcher entered RUNNING state, process has stayed up for > than 1 seconds (startsecs)
2018-08-29 07:20:15,189 INFO success: nginx entered RUNNING state, process has stayed up for > than 1 seconds (startsecs)
2018-08-29 07:20:15,190 INFO success: MailHog entered RUNNING state, process has stayed up for > than 1 seconds (startsecs)
2018-08-29 07:20:15,190 INFO success: mysql entered RUNNING state, process has stayed up for > than 1 seconds (startsecs)
2018-08-29 07:20:15,190 INFO success: varnish-themes-watcher entered RUNNING state, process has stayed up for > than 1 seconds (startsecs)
2018-08-30 08:17:21,057 CRIT Supervisor running as root (no user in config file)
2018-08-30 08:17:21,061 INFO Included extra file "/etc/supervisor/conf.d/supervisord.conf" during parsing
2018-08-30 08:17:21,393 INFO RPC interface 'supervisor' initialized
2018-08-30 08:17:21,393 CRIT Server 'unix_http_server' running without any HTTP authentication checking
2018-08-30 08:17:21,394 INFO supervisord started with pid 1
2018-08-30 08:17:22,398 INFO spawned: 'varnishd' with pid 34
2018-08-30 08:17:22,403 INFO spawned: 'php-fpm' with pid 35
2018-08-30 08:17:22,406 INFO spawned: 'varnish-plugins-watcher' with pid 36
2018-08-30 08:17:22,410 INFO spawned: 'nginx' with pid 37
2018-08-30 08:17:22,420 INFO spawned: 'MailHog' with pid 38
2018-08-30 08:17:22,428 INFO spawned: 'mysql' with pid 39
2018-08-30 08:17:22,446 INFO spawned: 'varnish-themes-watcher' with pid 40
2018-08-30 08:17:23,855 INFO success: varnishd entered RUNNING state, process has stayed up for > than 1 seconds (startsecs)
2018-08-30 08:17:23,856 INFO success: php-fpm entered RUNNING state, process has stayed up for > than 1 seconds (startsecs)
2018-08-30 08:17:23,856 INFO success: varnish-plugins-watcher entered RUNNING state, process has stayed up for > than 1 seconds (startsecs)
2018-08-30 08:17:23,856 INFO success: nginx entered RUNNING state, process has stayed up for > than 1 seconds (startsecs)
2018-08-30 08:17:23,856 INFO success: MailHog entered RUNNING state, process has stayed up for > than 1 seconds (startsecs)
2018-08-30 08:17:23,856 INFO success: mysql entered RUNNING state, process has stayed up for > than 1 seconds (startsecs)
2018-08-30 08:17:23,856 INFO success: varnish-themes-watcher entered RUNNING state, process has stayed up for > than 1 seconds (startsecs)
2018-08-30 15:48:58,105 INFO exited: varnishd (exit status 0; expected)
2018-08-30 15:48:59,110 INFO spawned: 'varnishd' with pid 17792
2018-08-31 08:53:10,493 CRIT Supervisor running as root (no user in config file)
2018-08-31 08:53:10,494 INFO Included extra file "/etc/supervisor/conf.d/supervisord.conf" during parsing
2018-08-31 08:53:10,839 INFO RPC interface 'supervisor' initialized
2018-08-31 08:53:10,839 CRIT Server 'unix_http_server' running without any HTTP authentication checking
2018-08-31 08:53:10,839 INFO supervisord started with pid 1
2018-08-31 08:53:11,843 INFO spawned: 'varnishd' with pid 33
2018-08-31 08:53:11,847 INFO spawned: 'php-fpm' with pid 34
2018-08-31 08:53:11,850 INFO spawned: 'varnish-plugins-watcher' with pid 35
2018-08-31 08:53:11,854 INFO spawned: 'nginx' with pid 36
2018-08-31 08:53:11,864 INFO spawned: 'MailHog' with pid 37
2018-08-31 08:53:11,872 INFO spawned: 'mysql' with pid 38
2018-08-31 08:53:11,887 INFO spawned: 'varnish-themes-watcher' with pid 39
2018-08-31 08:53:13,404 INFO success: varnishd entered RUNNING state, process has stayed up for > than 1 seconds (startsecs)
2018-08-31 08:53:13,404 INFO success: php-fpm entered RUNNING state, process has stayed up for > than 1 seconds (startsecs)
2018-08-31 08:53:13,404 INFO success: varnish-plugins-watcher entered RUNNING state, process has stayed up for > than 1 seconds (startsecs)
2018-08-31 08:53:13,405 INFO success: nginx entered RUNNING state, process has stayed up for > than 1 seconds (startsecs)
2018-08-31 08:53:13,405 INFO success: MailHog entered RUNNING state, process has stayed up for > than 1 seconds (startsecs)
2018-08-31 08:53:13,405 INFO success: mysql entered RUNNING state, process has stayed up for > than 1 seconds (startsecs)
2018-08-31 08:53:13,405 INFO success: varnish-themes-watcher entered RUNNING state, process has stayed up for > than 1 seconds (startsecs)
2018-08-31 08:53:20,224 WARN received SIGTERM indicating exit request
2018-08-31 08:53:20,224 INFO waiting for varnishd, php-fpm, varnish-plugins-watcher, nginx, MailHog, mysql, varnish-themes-watcher to die
2018-08-31 08:53:20,225 INFO stopped: varnish-themes-watcher (terminated by SIGTERM)
2018-08-31 08:53:20,239 INFO stopped: mysql (exit status 0)
2018-08-31 08:53:20,241 INFO stopped: MailHog (terminated by SIGTERM)
2018-08-31 08:53:20,244 INFO stopped: nginx (exit status 0)
2018-08-31 08:53:21,246 INFO stopped: varnish-plugins-watcher (terminated by SIGTERM)
2018-08-31 08:53:21,253 INFO stopped: php-fpm (exit status 0)
2018-08-31 08:53:21,610 INFO reaped unknown pid 59
2018-08-31 08:53:22,338 INFO stopped: varnishd (exit status 0)
2018-08-31 08:53:44,355 CRIT Supervisor running as root (no user in config file)
2018-08-31 08:53:44,356 INFO Included extra file "/etc/supervisor/conf.d/supervisord.conf" during parsing
2018-08-31 08:53:44,377 INFO RPC interface 'supervisor' initialized
2018-08-31 08:53:44,377 CRIT Server 'unix_http_server' running without any HTTP authentication checking
2018-08-31 08:53:44,377 INFO supervisord started with pid 1
2018-08-31 08:53:45,381 INFO spawned: 'varnishd' with pid 33
2018-08-31 08:53:45,384 INFO spawned: 'php-fpm' with pid 34
2018-08-31 08:53:45,392 INFO spawned: 'varnish-plugins-watcher' with pid 35
2018-08-31 08:53:45,397 INFO spawned: 'nginx' with pid 36
2018-08-31 08:53:45,409 INFO spawned: 'MailHog' with pid 37
2018-08-31 08:53:45,426 INFO spawned: 'mysql' with pid 40
2018-08-31 08:53:45,428 INFO spawned: 'varnish-themes-watcher' with pid 41
2018-08-31 08:53:46,871 INFO success: varnishd entered RUNNING state, process has stayed up for > than 1 seconds (startsecs)
2018-08-31 08:53:46,871 INFO success: php-fpm entered RUNNING state, process has stayed up for > than 1 seconds (startsecs)
2018-08-31 08:53:46,871 INFO success: varnish-plugins-watcher entered RUNNING state, process has stayed up for > than 1 seconds (startsecs)
2018-08-31 08:53:46,871 INFO success: nginx entered RUNNING state, process has stayed up for > than 1 seconds (startsecs)
2018-08-31 08:53:46,871 INFO success: MailHog entered RUNNING state, process has stayed up for > than 1 seconds (startsecs)
2018-08-31 08:53:46,872 INFO success: mysql entered RUNNING state, process has stayed up for > than 1 seconds (startsecs)
2018-08-31 08:53:46,872 INFO success: varnish-themes-watcher entered RUNNING state, process has stayed up for > than 1 seconds (startsecs)
2018-08-31 09:04:27,058 INFO reaped unknown pid 840
2018-08-31 09:05:20,212 INFO reaped unknown pid 891
