[27-Aug-2018 09:15:45 UTC] PHP Fatal error:  Uncaught Error: Class 'WP_CLI\SynopsisValidator' not found in phar:///usr/local/bin/wp/php/WP_CLI/Dispatcher/Subcommand.php:254
Stack trace:
#0 phar:///usr/local/bin/wp/php/WP_CLI/Dispatcher/Subcommand.php(386): WP_CLI\Dispatcher\Subcommand->validate_args(Array, Array, Array)
#1 phar:///usr/local/bin/wp/php/WP_CLI/Runner.php(323): WP_CLI\Dispatcher\Subcommand->invoke(Array, Array, Array)
#2 phar:///usr/local/bin/wp/php/WP_CLI/Runner.php(330): WP_CLI\Runner->run_command(Array, Array)
#3 phar:///usr/local/bin/wp/php/WP_CLI/Runner.php(985): WP_CLI\Runner->_run_command()
#4 phar:///usr/local/bin/wp/php/WP_CLI/Bootstrap/LaunchRunner.php(23): WP_CLI\Runner->start()
#5 phar:///usr/local/bin/wp/php/bootstrap.php(75): WP_CLI\Bootstrap\LaunchRunner->process(Object(WP_CLI\Bootstrap\BootstrapState))
#6 phar:///usr/local/bin/wp/php/wp-cli.php(23): WP_CLI\bootstrap()
#7 phar:///usr/local/bin/wp/php/boot-phar.php(8): include('phar:///usr/loc...')
#8 /usr/local/bin/wp(4): include('phar:///usr/loc...')
#9 {main}
  thrown in phar:///usr/local/bin/wp/php/WP_CLI/Dispatcher/Subcommand.php on line 254
[28-Aug-2018 11:53:38 UTC] PHP Fatal error:  Uncaught Error: Call to undefined function register_post_types() in /app/public/wp-content/themes/theme-fictionnal-university/functions.php:16
Stack trace:
#0 /app/public/wp-includes/class-wp-hook.php(286): university_post_types('')
#1 /app/public/wp-includes/class-wp-hook.php(310): WP_Hook->apply_filters(NULL, Array)
#2 /app/public/wp-includes/plugin.php(453): WP_Hook->do_action(Array)
#3 /app/public/wp-settings.php(450): do_action('init')
#4 /app/public/wp-config.php(76): require_once('/app/public/wp-...')
#5 /app/public/wp-load.php(37): require_once('/app/public/wp-...')
#6 /app/public/wp-admin/admin.php(31): require_once('/app/public/wp-...')
#7 /app/public/wp-admin/index.php(10): require_once('/app/public/wp-...')
#8 {main}
  thrown in /app/public/wp-content/themes/theme-fictionnal-university/functions.php on line 16
[28-Aug-2018 13:18:46 UTC] PHP Parse error:  syntax error, unexpected '<', expecting end of file in /app/public/wp-content/themes/theme-fictionnal-university/functions.php on line 15
[28-Aug-2018 13:19:04 UTC] PHP Parse error:  syntax error, unexpected '<', expecting end of file in /app/public/wp-content/themes/theme-fictionnal-university/functions.php on line 15
[28-Aug-2018 13:19:05 UTC] PHP Parse error:  syntax error, unexpected '<', expecting end of file in /app/public/wp-content/themes/theme-fictionnal-university/functions.php on line 15
[29-Aug-2018 07:43:41 UTC] PHP Fatal error:  Uncaught Error: Call to undefined function get_the_post_type_archive_link() in /app/public/wp-content/themes/theme-fictionnal-university/front-page.php:52
Stack trace:
#0 /app/public/wp-includes/template-loader.php(74): include()
#1 /app/public/wp-blog-header.php(19): require_once('/app/public/wp-...')
#2 /app/public/index.php(17): require('/app/public/wp-...')
#3 {main}
  thrown in /app/public/wp-content/themes/theme-fictionnal-university/front-page.php on line 52
[29-Aug-2018 13:37:04 UTC] PHP Warning:  A non-numeric value encountered in /app/public/wp-content/themes/theme-fictionnal-university/front-page.php on line 24
[29-Aug-2018 13:37:04 UTC] PHP Warning:  A non-numeric value encountered in /app/public/wp-content/themes/theme-fictionnal-university/front-page.php on line 24
[29-Aug-2018 13:37:21 UTC] PHP Warning:  A non-numeric value encountered in /app/public/wp-content/themes/theme-fictionnal-university/front-page.php on line 24
[29-Aug-2018 13:37:31 UTC] PHP Warning:  A non-numeric value encountered in /app/public/wp-content/themes/theme-fictionnal-university/front-page.php on line 24
[29-Aug-2018 16:47:44 UTC] PHP Parse error:  syntax error, unexpected '}' in /app/public/wp-content/themes/theme-fictionnal-university/functions.php on line 19
[30-Aug-2018 09:09:52 UTC] PHP Warning:  Cannot modify header information - headers already sent by (output started at /app/public/wp-admin/includes/template.php:1031) in /app/public/wp-includes/option.php on line 919
[30-Aug-2018 09:09:52 UTC] PHP Warning:  Cannot modify header information - headers already sent by (output started at /app/public/wp-admin/includes/template.php:1031) in /app/public/wp-includes/option.php on line 920
[30-Aug-2018 11:47:48 UTC] PHP Parse error:  syntax error, unexpected '}' in /app/public/wp-content/themes/theme-fictionnal-university/functions.php on line 20
[30-Aug-2018 12:04:58 UTC] PHP Parse error:  syntax error, unexpected '=' in /app/public/wp-content/themes/theme-fictionnal-university/single-event.php on line 27
[30-Aug-2018 14:14:57 UTC] PHP Parse error:  syntax error, unexpected 'class' (T_CLASS), expecting ',' or ';' in /app/public/wp-content/themes/theme-fictionnal-university/single-program.php on line 45
[30-Aug-2018 14:15:32 UTC] PHP Parse error:  syntax error, unexpected 'class' (T_CLASS), expecting ',' or ';' in /app/public/wp-content/themes/theme-fictionnal-university/single-program.php on line 45
[30-Aug-2018 14:47:30 UTC] PHP Parse error:  syntax error, unexpected ')' in /app/public/wp-content/themes/theme-fictionnal-university/single-program.php on line 45
[30-Aug-2018 15:08:33 UTC] PHP Parse error:  syntax error, unexpected 'program' (T_STRING), expecting ',' or ';' in /app/public/wp-content/themes/theme-fictionnal-university/header.php on line 18
[31-Aug-2018 09:25:42 UTC] PHP Fatal error:  Uncaught Error: Call to a member function have_posts() on null in /app/public/wp-content/themes/theme-fictionnal-university/single-program.php:39
Stack trace:
#0 /app/public/wp-includes/template-loader.php(74): include()
#1 /app/public/wp-blog-header.php(19): require_once('/app/public/wp-...')
#2 /app/public/index.php(17): require('/app/public/wp-...')
#3 {main}
  thrown in /app/public/wp-content/themes/theme-fictionnal-university/single-program.php on line 39
[31-Aug-2018 09:28:23 UTC] PHP Fatal error:  Uncaught Error: Call to a member function have_posts() on null in /app/public/wp-content/themes/theme-fictionnal-university/single-program.php:39
Stack trace:
#0 /app/public/wp-includes/template-loader.php(74): include()
#1 /app/public/wp-blog-header.php(19): require_once('/app/public/wp-...')
#2 /app/public/index.php(17): require('/app/public/wp-...')
#3 {main}
  thrown in /app/public/wp-content/themes/theme-fictionnal-university/single-program.php on line 39
[31-Aug-2018 15:37:42 UTC] PHP Parse error:  syntax error, unexpected 'professorPortrait' (T_STRING), expecting ',' or ')' in /app/public/wp-content/themes/theme-fictionnal-university/single-professor.php on line 21
[18-Sep-2018 14:59:38 UTC] PHP Parse error:  syntax error, unexpected 'page_banner_subtitle' (T_STRING), expecting ']' in /app/public/wp-content/themes/theme-fictionnal-university/functions.php on line 11
[18-Sep-2018 14:59:47 UTC] PHP Parse error:  syntax error, unexpected 'page_banner_subtitle' (T_STRING), expecting ']' in /app/public/wp-content/themes/theme-fictionnal-university/functions.php on line 11
[18-Sep-2018 14:59:48 UTC] PHP Parse error:  syntax error, unexpected 'page_banner_subtitle' (T_STRING), expecting ']' in /app/public/wp-content/themes/theme-fictionnal-university/functions.php on line 11
[18-Sep-2018 15:00:22 UTC] PHP Parse error:  syntax error, unexpected 'page_banner_subtitle' (T_STRING), expecting ']' in /app/public/wp-content/themes/theme-fictionnal-university/functions.php on line 11
[18-Sep-2018 15:02:10 UTC] PHP Parse error:  syntax error, unexpected 'page_banner_subtitle' (T_STRING), expecting ']' in /app/public/wp-content/themes/theme-fictionnal-university/functions.php on line 11
[18-Sep-2018 15:02:11 UTC] PHP Parse error:  syntax error, unexpected 'page_banner_subtitle' (T_STRING), expecting ']' in /app/public/wp-content/themes/theme-fictionnal-university/functions.php on line 11
[18-Sep-2018 15:02:23 UTC] PHP Parse error:  syntax error, unexpected 'page_banner_subtitle' (T_STRING), expecting ']' in /app/public/wp-content/themes/theme-fictionnal-university/functions.php on line 11
[18-Sep-2018 15:03:07 UTC] PHP Fatal error:  Uncaught ArgumentCountError: Too few arguments to function pageBanner(), 0 passed in /app/public/wp-content/themes/theme-fictionnal-university/single-professor.php on line 5 and exactly 1 expected in /app/public/wp-content/themes/theme-fictionnal-university/functions.php:3
Stack trace:
#0 /app/public/wp-content/themes/theme-fictionnal-university/single-professor.php(5): pageBanner()
#1 /app/public/wp-includes/template-loader.php(74): include('/app/public/wp-...')
#2 /app/public/wp-blog-header.php(19): require_once('/app/public/wp-...')
#3 /app/public/index.php(17): require('/app/public/wp-...')
#4 {main}
  thrown in /app/public/wp-content/themes/theme-fictionnal-university/functions.php on line 3
[18-Sep-2018 15:03:08 UTC] PHP Fatal error:  Uncaught ArgumentCountError: Too few arguments to function pageBanner(), 0 passed in /app/public/wp-content/themes/theme-fictionnal-university/single-professor.php on line 5 and exactly 1 expected in /app/public/wp-content/themes/theme-fictionnal-university/functions.php:3
Stack trace:
#0 /app/public/wp-content/themes/theme-fictionnal-university/single-professor.php(5): pageBanner()
#1 /app/public/wp-includes/template-loader.php(74): include('/app/public/wp-...')
#2 /app/public/wp-blog-header.php(19): require_once('/app/public/wp-...')
#3 /app/public/index.php(17): require('/app/public/wp-...')
#4 {main}
  thrown in /app/public/wp-content/themes/theme-fictionnal-university/functions.php on line 3
[18-Sep-2018 15:03:41 UTC] PHP Fatal error:  Uncaught ArgumentCountError: Too few arguments to function pageBanner(), 0 passed in /app/public/wp-content/themes/theme-fictionnal-university/single-professor.php on line 5 and exactly 1 expected in /app/public/wp-content/themes/theme-fictionnal-university/functions.php:3
Stack trace:
#0 /app/public/wp-content/themes/theme-fictionnal-university/single-professor.php(5): pageBanner()
#1 /app/public/wp-includes/template-loader.php(74): include('/app/public/wp-...')
#2 /app/public/wp-blog-header.php(19): require_once('/app/public/wp-...')
#3 /app/public/index.php(17): require('/app/public/wp-...')
#4 {main}
  thrown in /app/public/wp-content/themes/theme-fictionnal-university/functions.php on line 3
[18-Sep-2018 15:03:42 UTC] PHP Fatal error:  Uncaught ArgumentCountError: Too few arguments to function pageBanner(), 0 passed in /app/public/wp-content/themes/theme-fictionnal-university/single-professor.php on line 5 and exactly 1 expected in /app/public/wp-content/themes/theme-fictionnal-university/functions.php:3
Stack trace:
#0 /app/public/wp-content/themes/theme-fictionnal-university/single-professor.php(5): pageBanner()
#1 /app/public/wp-includes/template-loader.php(74): include('/app/public/wp-...')
#2 /app/public/wp-blog-header.php(19): require_once('/app/public/wp-...')
#3 /app/public/index.php(17): require('/app/public/wp-...')
#4 {main}
  thrown in /app/public/wp-content/themes/theme-fictionnal-university/functions.php on line 3
[18-Sep-2018 15:15:09 UTC] PHP Fatal error:  Uncaught ArgumentCountError: Too few arguments to function pageBanner(), 0 passed in /app/public/wp-content/themes/theme-fictionnal-university/single-professor.php on line 5 and exactly 1 expected in /app/public/wp-content/themes/theme-fictionnal-university/functions.php:3
Stack trace:
#0 /app/public/wp-content/themes/theme-fictionnal-university/single-professor.php(5): pageBanner()
#1 /app/public/wp-includes/template-loader.php(74): include('/app/public/wp-...')
#2 /app/public/wp-blog-header.php(19): require_once('/app/public/wp-...')
#3 /app/public/index.php(17): require('/app/public/wp-...')
#4 {main}
  thrown in /app/public/wp-content/themes/theme-fictionnal-university/functions.php on line 3
[18-Sep-2018 15:15:10 UTC] PHP Fatal error:  Uncaught ArgumentCountError: Too few arguments to function pageBanner(), 0 passed in /app/public/wp-content/themes/theme-fictionnal-university/single-professor.php on line 5 and exactly 1 expected in /app/public/wp-content/themes/theme-fictionnal-university/functions.php:3
Stack trace:
#0 /app/public/wp-content/themes/theme-fictionnal-university/single-professor.php(5): pageBanner()
#1 /app/public/wp-includes/template-loader.php(74): include('/app/public/wp-...')
#2 /app/public/wp-blog-header.php(19): require_once('/app/public/wp-...')
#3 /app/public/index.php(17): require('/app/public/wp-...')
#4 {main}
  thrown in /app/public/wp-content/themes/theme-fictionnal-university/functions.php on line 3
[18-Sep-2018 15:15:10 UTC] PHP Fatal error:  Uncaught ArgumentCountError: Too few arguments to function pageBanner(), 0 passed in /app/public/wp-content/themes/theme-fictionnal-university/single-professor.php on line 5 and exactly 1 expected in /app/public/wp-content/themes/theme-fictionnal-university/functions.php:3
Stack trace:
#0 /app/public/wp-content/themes/theme-fictionnal-university/single-professor.php(5): pageBanner()
#1 /app/public/wp-includes/template-loader.php(74): include('/app/public/wp-...')
#2 /app/public/wp-blog-header.php(19): require_once('/app/public/wp-...')
#3 /app/public/index.php(17): require('/app/public/wp-...')
#4 {main}
  thrown in /app/public/wp-content/themes/theme-fictionnal-university/functions.php on line 3
[18-Sep-2018 15:15:10 UTC] PHP Fatal error:  Uncaught ArgumentCountError: Too few arguments to function pageBanner(), 0 passed in /app/public/wp-content/themes/theme-fictionnal-university/single-professor.php on line 5 and exactly 1 expected in /app/public/wp-content/themes/theme-fictionnal-university/functions.php:3
Stack trace:
#0 /app/public/wp-content/themes/theme-fictionnal-university/single-professor.php(5): pageBanner()
#1 /app/public/wp-includes/template-loader.php(74): include('/app/public/wp-...')
#2 /app/public/wp-blog-header.php(19): require_once('/app/public/wp-...')
#3 /app/public/index.php(17): require('/app/public/wp-...')
#4 {main}
  thrown in /app/public/wp-content/themes/theme-fictionnal-university/functions.php on line 3
[18-Sep-2018 15:21:52 UTC] PHP Fatal error:  Uncaught ArgumentCountError: Too few arguments to function pageBanner(), 0 passed in /app/public/wp-content/themes/theme-fictionnal-university/single-professor.php on line 5 and exactly 1 expected in /app/public/wp-content/themes/theme-fictionnal-university/functions.php:3
Stack trace:
#0 /app/public/wp-content/themes/theme-fictionnal-university/single-professor.php(5): pageBanner()
#1 /app/public/wp-includes/template-loader.php(74): include('/app/public/wp-...')
#2 /app/public/wp-blog-header.php(19): require_once('/app/public/wp-...')
#3 /app/public/index.php(17): require('/app/public/wp-...')
#4 {main}
  thrown in /app/public/wp-content/themes/theme-fictionnal-university/functions.php on line 3
[18-Sep-2018 15:21:53 UTC] PHP Fatal error:  Uncaught ArgumentCountError: Too few arguments to function pageBanner(), 0 passed in /app/public/wp-content/themes/theme-fictionnal-university/single-professor.php on line 5 and exactly 1 expected in /app/public/wp-content/themes/theme-fictionnal-university/functions.php:3
Stack trace:
#0 /app/public/wp-content/themes/theme-fictionnal-university/single-professor.php(5): pageBanner()
#1 /app/public/wp-includes/template-loader.php(74): include('/app/public/wp-...')
#2 /app/public/wp-blog-header.php(19): require_once('/app/public/wp-...')
#3 /app/public/index.php(17): require('/app/public/wp-...')
#4 {main}
  thrown in /app/public/wp-content/themes/theme-fictionnal-university/functions.php on line 3
[18-Sep-2018 15:21:54 UTC] PHP Fatal error:  Uncaught ArgumentCountError: Too few arguments to function pageBanner(), 0 passed in /app/public/wp-content/themes/theme-fictionnal-university/single-professor.php on line 5 and exactly 1 expected in /app/public/wp-content/themes/theme-fictionnal-university/functions.php:3
Stack trace:
#0 /app/public/wp-content/themes/theme-fictionnal-university/single-professor.php(5): pageBanner()
#1 /app/public/wp-includes/template-loader.php(74): include('/app/public/wp-...')
#2 /app/public/wp-blog-header.php(19): require_once('/app/public/wp-...')
#3 /app/public/index.php(17): require('/app/public/wp-...')
#4 {main}
  thrown in /app/public/wp-content/themes/theme-fictionnal-university/functions.php on line 3
[18-Sep-2018 15:22:11 UTC] PHP Fatal error:  Uncaught ArgumentCountError: Too few arguments to function pageBanner(), 0 passed in /app/public/wp-content/themes/theme-fictionnal-university/single-professor.php on line 5 and exactly 1 expected in /app/public/wp-content/themes/theme-fictionnal-university/functions.php:3
Stack trace:
#0 /app/public/wp-content/themes/theme-fictionnal-university/single-professor.php(5): pageBanner()
#1 /app/public/wp-includes/template-loader.php(74): include('/app/public/wp-...')
#2 /app/public/wp-blog-header.php(19): require_once('/app/public/wp-...')
#3 /app/public/index.php(17): require('/app/public/wp-...')
#4 {main}
  thrown in /app/public/wp-content/themes/theme-fictionnal-university/functions.php on line 3
[18-Sep-2018 15:33:08 UTC] PHP Parse error:  syntax error, unexpected '<', expecting end of file in /app/public/wp-content/themes/theme-fictionnal-university/functions.php on line 4
[18-Sep-2018 15:34:42 UTC] PHP Fatal error:  Uncaught Error: Call to undefined function pageBanner() in /app/public/wp-content/themes/theme-fictionnal-university/single-professor.php:5
Stack trace:
#0 /app/public/wp-includes/template-loader.php(74): include()
#1 /app/public/wp-blog-header.php(19): require_once('/app/public/wp-...')
#2 /app/public/index.php(17): require('/app/public/wp-...')
#3 {main}
  thrown in /app/public/wp-content/themes/theme-fictionnal-university/single-professor.php on line 5
[18-Sep-2018 15:35:33 UTC] PHP Fatal error:  Uncaught Error: Call to undefined function pageBanner() in /app/public/wp-content/themes/theme-fictionnal-university/single-professor.php:5
Stack trace:
#0 /app/public/wp-includes/template-loader.php(74): include()
#1 /app/public/wp-blog-header.php(19): require_once('/app/public/wp-...')
#2 /app/public/index.php(17): require('/app/public/wp-...')
#3 {main}
  thrown in /app/public/wp-content/themes/theme-fictionnal-university/single-professor.php on line 5
[18-Sep-2018 15:36:39 UTC] PHP Fatal error:  Uncaught Error: Call to undefined function pageBanner() in /app/public/wp-content/themes/theme-fictionnal-university/single-professor.php:5
Stack trace:
#0 /app/public/wp-includes/template-loader.php(74): include()
#1 /app/public/wp-blog-header.php(19): require_once('/app/public/wp-...')
#2 /app/public/index.php(17): require('/app/public/wp-...')
#3 {main}
  thrown in /app/public/wp-content/themes/theme-fictionnal-university/single-professor.php on line 5
[18-Sep-2018 15:41:04 UTC] PHP Parse error:  syntax error, unexpected end of file in /app/public/wp-content/themes/theme-fictionnal-university/functions.php on line 64
[18-Sep-2018 15:41:10 UTC] PHP Parse error:  syntax error, unexpected end of file in /app/public/wp-content/themes/theme-fictionnal-university/functions.php on line 64
[18-Sep-2018 15:41:55 UTC] PHP Fatal error:  Uncaught ArgumentCountError: Too few arguments to function pageBanner(), 0 passed in /app/public/wp-content/themes/theme-fictionnal-university/single-professor.php on line 5 and exactly 1 expected in /app/public/wp-content/themes/theme-fictionnal-university/functions.php:3
Stack trace:
#0 /app/public/wp-content/themes/theme-fictionnal-university/single-professor.php(5): pageBanner()
#1 /app/public/wp-includes/template-loader.php(74): include('/app/public/wp-...')
#2 /app/public/wp-blog-header.php(19): require_once('/app/public/wp-...')
#3 /app/public/index.php(17): require('/app/public/wp-...')
#4 {main}
  thrown in /app/public/wp-content/themes/theme-fictionnal-university/functions.php on line 3
[18-Sep-2018 15:55:09 UTC] PHP Fatal error:  Uncaught ArgumentCountError: Too few arguments to function pageBanner(), 0 passed in /app/public/wp-content/themes/theme-fictionnal-university/page.php on line 5 and exactly 1 expected in /app/public/wp-content/themes/theme-fictionnal-university/functions.php:3
Stack trace:
#0 /app/public/wp-content/themes/theme-fictionnal-university/page.php(5): pageBanner()
#1 /app/public/wp-includes/template-loader.php(74): include('/app/public/wp-...')
#2 /app/public/wp-blog-header.php(19): require_once('/app/public/wp-...')
#3 /app/public/index.php(17): require('/app/public/wp-...')
#4 {main}
  thrown in /app/public/wp-content/themes/theme-fictionnal-university/functions.php on line 3
[19-Sep-2018 15:54:26 UTC] PHP Parse error:  syntax error, unexpected '=', expecting ']' in /app/public/wp-content/themes/theme-fictionnal-university/functions.php on line 9
[19-Sep-2018 15:56:26 UTC] PHP Parse error:  syntax error, unexpected '=', expecting ']' in /app/public/wp-content/themes/theme-fictionnal-university/functions.php on line 9
[19-Sep-2018 15:57:22 UTC] PHP Parse error:  syntax error, unexpected '=', expecting ']' in /app/public/wp-content/themes/theme-fictionnal-university/functions.php on line 9
[19-Sep-2018 15:58:27 UTC] PHP Parse error:  syntax error, unexpected '=', expecting ']' in /app/public/wp-content/themes/theme-fictionnal-university/functions.php on line 9
[19-Sep-2018 15:58:55 UTC] PHP Parse error:  syntax error, unexpected '=', expecting ']' in /app/public/wp-content/themes/theme-fictionnal-university/functions.php on line 9
[19-Sep-2018 16:00:28 UTC] PHP Parse error:  syntax error, unexpected '=', expecting ']' in /app/public/wp-content/themes/theme-fictionnal-university/functions.php on line 9
[19-Sep-2018 16:02:29 UTC] PHP Parse error:  syntax error, unexpected '=', expecting ']' in /app/public/wp-content/themes/theme-fictionnal-university/functions.php on line 9
[19-Sep-2018 16:02:34 UTC] PHP Parse error:  syntax error, unexpected '=', expecting ']' in /app/public/wp-content/themes/theme-fictionnal-university/functions.php on line 9
[19-Sep-2018 16:02:36 UTC] PHP Parse error:  syntax error, unexpected '=', expecting ']' in /app/public/wp-content/themes/theme-fictionnal-university/functions.php on line 9
[19-Sep-2018 16:04:29 UTC] PHP Parse error:  syntax error, unexpected '=', expecting ']' in /app/public/wp-content/themes/theme-fictionnal-university/functions.php on line 9
[19-Sep-2018 16:06:29 UTC] PHP Parse error:  syntax error, unexpected '=', expecting ']' in /app/public/wp-content/themes/theme-fictionnal-university/functions.php on line 9
[19-Sep-2018 16:08:29 UTC] PHP Parse error:  syntax error, unexpected '=', expecting ']' in /app/public/wp-content/themes/theme-fictionnal-university/functions.php on line 9
[19-Sep-2018 16:10:04 UTC] PHP Parse error:  syntax error, unexpected '=', expecting ']' in /app/public/wp-content/themes/theme-fictionnal-university/functions.php on line 9
[19-Sep-2018 16:10:14 UTC] PHP Parse error:  syntax error, unexpected '=', expecting ']' in /app/public/wp-content/themes/theme-fictionnal-university/functions.php on line 9
[19-Sep-2018 16:10:29 UTC] PHP Parse error:  syntax error, unexpected '=', expecting ']' in /app/public/wp-content/themes/theme-fictionnal-university/functions.php on line 9
[20-Sep-2018 08:53:09 UTC] PHP Parse error:  syntax error, unexpected ''title'' (T_CONSTANT_ENCAPSED_STRING), expecting ',' or ')' in /app/public/wp-content/themes/theme-fictionnal-university/archive-event.php on line 4
