2018-08-27 09:15:35 29 [Warning] Using unique option prefix myisam-recover instead of myisam-recover-options is deprecated and will be removed in a future release. Please use the full name instead.
2018-08-27 09:15:35 29 [Note] Plugin 'FEDERATED' is disabled.
2018-08-27 09:15:35 29 [Note] InnoDB: Using atomics to ref count buffer pool pages
2018-08-27 09:15:35 29 [Note] InnoDB: The InnoDB memory heap is disabled
2018-08-27 09:15:35 29 [Note] InnoDB: Mutexes and rw_locks use GCC atomic builtins
2018-08-27 09:15:35 29 [Note] InnoDB: Memory barrier is not used
2018-08-27 09:15:35 29 [Note] InnoDB: Compressed tables use zlib 1.2.3
2018-08-27 09:15:35 29 [Note] InnoDB: Using Linux native AIO
2018-08-27 09:15:35 29 [Note] InnoDB: Using CPU crc32 instructions
2018-08-27 09:15:35 29 [Note] InnoDB: Initializing buffer pool, size = 32.0M
2018-08-27 09:15:35 29 [Note] InnoDB: Completed initialization of buffer pool
2018-08-27 09:15:35 29 [Note] InnoDB: Highest supported file format is Barracuda.
2018-08-27 09:15:35 29 [Note] InnoDB: The log sequence numbers 1625987 and 1625987 in ibdata files do not match the log sequence number 1625997 in the ib_logfiles!
2018-08-27 09:15:35 29 [Note] InnoDB: Database was not shutdown normally!
2018-08-27 09:15:35 29 [Note] InnoDB: Starting crash recovery.
2018-08-27 09:15:35 29 [Note] InnoDB: Reading tablespace information from the .ibd files...
2018-08-27 09:15:35 29 [Note] InnoDB: Restoring possible half-written data pages 
2018-08-27 09:15:35 29 [Note] InnoDB: from the doublewrite buffer...
2018-08-27 09:15:35 29 [Note] InnoDB: 128 rollback segment(s) are active.
2018-08-27 09:15:35 29 [Note] InnoDB: Waiting for purge to start
2018-08-27 09:15:35 29 [Note] InnoDB: 5.6.40 started; log sequence number 1625997
2018-08-27 09:15:35 29 [Note] Server hostname (bind-address): '*'; port: 3306
2018-08-27 09:15:35 29 [Note] IPv6 is available.
2018-08-27 09:15:35 29 [Note]   - '::' resolves to '::';
2018-08-27 09:15:35 29 [Note] Server socket created on IP: '::'.
2018-08-27 09:15:35 29 [Warning] Insecure configuration for --pid-file: Location '/var/run/mysqld' in the path is accessible to all OS users. Consider choosing a different directory.
2018-08-27 09:15:35 29 [ERROR] /usr/sbin/mysqld: Table './mysql/user' is marked as crashed and should be repaired
2018-08-27 09:15:35 29 [Warning] Checking table:   './mysql/user'
2018-08-27 09:15:35 29 [ERROR] 1 client is using or hasn't closed the table properly
2018-08-27 09:15:35 29 [Warning] 'user' entry 'root@9fe08f37056c' ignored in --skip-name-resolve mode.
2018-08-27 09:15:35 29 [Warning] 'user' entry '@9fe08f37056c' ignored in --skip-name-resolve mode.
2018-08-27 09:15:35 29 [Warning] 'proxies_priv' entry '@ root@9fe08f37056c' ignored in --skip-name-resolve mode.
2018-08-27 09:15:35 29 [Note] Event Scheduler: Loaded 0 events
2018-08-27 09:15:35 29 [Note] /usr/sbin/mysqld: ready for connections.
Version: '5.6.40'  socket: '/var/run/mysqld/mysqld.sock'  port: 3306  MySQL Community Server (GPL)
2018-08-27 09:15:40 29 [Warning] 'user' entry 'root@9fe08f37056c' ignored in --skip-name-resolve mode.
2018-08-27 09:15:40 29 [Warning] 'user' entry '@9fe08f37056c' ignored in --skip-name-resolve mode.
2018-08-27 09:15:40 29 [Warning] 'proxies_priv' entry '@ root@9fe08f37056c' ignored in --skip-name-resolve mode.
2018-08-28 07:24:13 54 [Warning] Using unique option prefix myisam-recover instead of myisam-recover-options is deprecated and will be removed in a future release. Please use the full name instead.
2018-08-28 07:24:13 54 [Note] Plugin 'FEDERATED' is disabled.
2018-08-28 07:24:13 54 [Note] InnoDB: Using atomics to ref count buffer pool pages
2018-08-28 07:24:13 54 [Note] InnoDB: The InnoDB memory heap is disabled
2018-08-28 07:24:13 54 [Note] InnoDB: Mutexes and rw_locks use GCC atomic builtins
2018-08-28 07:24:13 54 [Note] InnoDB: Memory barrier is not used
2018-08-28 07:24:13 54 [Note] InnoDB: Compressed tables use zlib 1.2.3
2018-08-28 07:24:13 54 [Note] InnoDB: Using Linux native AIO
2018-08-28 07:24:13 54 [Note] InnoDB: Using CPU crc32 instructions
2018-08-28 07:24:13 54 [Note] InnoDB: Initializing buffer pool, size = 32.0M
2018-08-28 07:24:13 54 [Note] InnoDB: Completed initialization of buffer pool
2018-08-28 07:24:13 54 [Note] InnoDB: Highest supported file format is Barracuda.
2018-08-28 07:24:13 54 [Note] InnoDB: The log sequence numbers 1625987 and 1625987 in ibdata files do not match the log sequence number 3852363 in the ib_logfiles!
2018-08-28 07:24:13 54 [Note] InnoDB: Database was not shutdown normally!
2018-08-28 07:24:13 54 [Note] InnoDB: Starting crash recovery.
2018-08-28 07:24:13 54 [Note] InnoDB: Reading tablespace information from the .ibd files...
2018-08-28 07:24:13 54 [Note] InnoDB: Restoring possible half-written data pages 
2018-08-28 07:24:13 54 [Note] InnoDB: from the doublewrite buffer...
2018-08-28 07:24:13 54 [Note] InnoDB: 128 rollback segment(s) are active.
2018-08-28 07:24:13 54 [Note] InnoDB: Waiting for purge to start
2018-08-28 07:24:13 54 [Note] InnoDB: 5.6.40 started; log sequence number 3852363
2018-08-28 07:24:13 54 [Note] Server hostname (bind-address): '*'; port: 3306
2018-08-28 07:24:13 54 [Note] IPv6 is available.
2018-08-28 07:24:13 54 [Note]   - '::' resolves to '::';
2018-08-28 07:24:13 54 [Note] Server socket created on IP: '::'.
2018-08-28 07:24:13 54 [Warning] Insecure configuration for --pid-file: Location '/var/run/mysqld' in the path is accessible to all OS users. Consider choosing a different directory.
2018-08-28 07:24:13 54 [ERROR] /usr/sbin/mysqld: Table './mysql/user' is marked as crashed and should be repaired
2018-08-28 07:24:13 54 [Warning] Checking table:   './mysql/user'
2018-08-28 07:24:13 54 [ERROR] 1 client is using or hasn't closed the table properly
2018-08-28 07:24:13 54 [Warning] 'user' entry 'root@9fe08f37056c' ignored in --skip-name-resolve mode.
2018-08-28 07:24:13 54 [Warning] 'user' entry '@9fe08f37056c' ignored in --skip-name-resolve mode.
2018-08-28 07:24:13 54 [Warning] 'proxies_priv' entry '@ root@9fe08f37056c' ignored in --skip-name-resolve mode.
2018-08-28 07:24:13 54 [Note] Event Scheduler: Loaded 0 events
2018-08-28 07:24:13 54 [Note] /usr/sbin/mysqld: ready for connections.
Version: '5.6.40'  socket: '/var/run/mysqld/mysqld.sock'  port: 3306  MySQL Community Server (GPL)
2018-08-28 14:39:03 54 [Note] /usr/sbin/mysqld: Normal shutdown

2018-08-28 14:39:03 54 [Note] Giving 0 client threads a chance to die gracefully
2018-08-28 14:39:03 54 [Note] Event Scheduler: Purging the queue. 0 events
2018-08-28 14:39:03 54 [Note] Shutting down slave threads
2018-08-28 14:39:03 54 [Note] Forcefully disconnecting 0 remaining clients
2018-08-28 14:39:03 54 [Note] Binlog end
2018-08-28 14:39:03 54 [Note] Shutting down plugin 'partition'
2018-08-28 14:39:03 54 [Note] Shutting down plugin 'PERFORMANCE_SCHEMA'
2018-08-28 14:39:03 54 [Note] Shutting down plugin 'INNODB_SYS_DATAFILES'
2018-08-28 14:39:03 54 [Note] Shutting down plugin 'INNODB_SYS_TABLESPACES'
2018-08-28 14:39:03 54 [Note] Shutting down plugin 'INNODB_SYS_FOREIGN_COLS'
2018-08-28 14:39:03 54 [Note] Shutting down plugin 'INNODB_SYS_FOREIGN'
2018-08-28 14:39:03 54 [Note] Shutting down plugin 'INNODB_SYS_FIELDS'
2018-08-28 14:39:03 54 [Note] Shutting down plugin 'INNODB_SYS_COLUMNS'
2018-08-28 14:39:03 54 [Note] Shutting down plugin 'INNODB_SYS_INDEXES'
2018-08-28 14:39:03 54 [Note] Shutting down plugin 'INNODB_SYS_TABLESTATS'
2018-08-28 14:39:03 54 [Note] Shutting down plugin 'INNODB_SYS_TABLES'
2018-08-28 14:39:03 54 [Note] Shutting down plugin 'INNODB_FT_INDEX_TABLE'
2018-08-28 14:39:03 54 [Note] Shutting down plugin 'INNODB_FT_INDEX_CACHE'
2018-08-28 14:39:03 54 [Note] Shutting down plugin 'INNODB_FT_CONFIG'
2018-08-28 14:39:03 54 [Note] Shutting down plugin 'INNODB_FT_BEING_DELETED'
2018-08-28 14:39:03 54 [Note] Shutting down plugin 'INNODB_FT_DELETED'
2018-08-28 14:39:03 54 [Note] Shutting down plugin 'INNODB_FT_DEFAULT_STOPWORD'
2018-08-28 14:39:03 54 [Note] Shutting down plugin 'INNODB_METRICS'
2018-08-28 14:39:03 54 [Note] Shutting down plugin 'INNODB_BUFFER_POOL_STATS'
2018-08-28 14:39:03 54 [Note] Shutting down plugin 'INNODB_BUFFER_PAGE_LRU'
2018-08-28 14:39:03 54 [Note] Shutting down plugin 'INNODB_BUFFER_PAGE'
2018-08-28 14:39:03 54 [Note] Shutting down plugin 'INNODB_CMP_PER_INDEX_RESET'
2018-08-28 14:39:03 54 [Note] Shutting down plugin 'INNODB_CMP_PER_INDEX'
2018-08-28 14:39:03 54 [Note] Shutting down plugin 'INNODB_CMPMEM_RESET'
2018-08-28 14:39:03 54 [Note] Shutting down plugin 'INNODB_CMPMEM'
2018-08-28 14:39:03 54 [Note] Shutting down plugin 'INNODB_CMP_RESET'
2018-08-28 14:39:03 54 [Note] Shutting down plugin 'INNODB_CMP'
2018-08-28 14:39:03 54 [Note] Shutting down plugin 'INNODB_LOCK_WAITS'
2018-08-28 14:39:03 54 [Note] Shutting down plugin 'INNODB_LOCKS'
2018-08-28 14:39:03 54 [Note] Shutting down plugin 'INNODB_TRX'
2018-08-28 14:39:03 54 [Note] Shutting down plugin 'InnoDB'
2018-08-28 14:39:03 54 [Note] InnoDB: FTS optimize thread exiting.
2018-08-28 14:39:03 54 [Note] InnoDB: Starting shutdown...
2018-08-28 14:39:04 54 [Note] InnoDB: Shutdown completed; log sequence number 4913786
2018-08-28 14:39:04 54 [Note] Shutting down plugin 'BLACKHOLE'
2018-08-28 14:39:04 54 [Note] Shutting down plugin 'ARCHIVE'
2018-08-28 14:39:04 54 [Note] Shutting down plugin 'MRG_MYISAM'
2018-08-28 14:39:04 54 [Note] Shutting down plugin 'MyISAM'
2018-08-28 14:39:04 54 [Note] Shutting down plugin 'MEMORY'
2018-08-28 14:39:04 54 [Note] Shutting down plugin 'CSV'
2018-08-28 14:39:04 54 [Note] Shutting down plugin 'sha256_password'
2018-08-28 14:39:04 54 [Note] Shutting down plugin 'mysql_old_password'
2018-08-28 14:39:04 54 [Note] Shutting down plugin 'mysql_native_password'
2018-08-28 14:39:04 54 [Note] Shutting down plugin 'binlog'
2018-08-28 14:39:04 54 [Note] /usr/sbin/mysqld: Shutdown complete

2018-08-29 07:20:14 53 [Warning] Using unique option prefix myisam-recover instead of myisam-recover-options is deprecated and will be removed in a future release. Please use the full name instead.
2018-08-29 07:20:14 53 [Note] Plugin 'FEDERATED' is disabled.
2018-08-29 07:20:14 53 [Note] InnoDB: Using atomics to ref count buffer pool pages
2018-08-29 07:20:14 53 [Note] InnoDB: The InnoDB memory heap is disabled
2018-08-29 07:20:14 53 [Note] InnoDB: Mutexes and rw_locks use GCC atomic builtins
2018-08-29 07:20:14 53 [Note] InnoDB: Memory barrier is not used
2018-08-29 07:20:14 53 [Note] InnoDB: Compressed tables use zlib 1.2.3
2018-08-29 07:20:14 53 [Note] InnoDB: Using Linux native AIO
2018-08-29 07:20:14 53 [Note] InnoDB: Using CPU crc32 instructions
2018-08-29 07:20:14 53 [Note] InnoDB: Initializing buffer pool, size = 32.0M
2018-08-29 07:20:14 53 [Note] InnoDB: Completed initialization of buffer pool
2018-08-29 07:20:14 53 [Note] InnoDB: Highest supported file format is Barracuda.
2018-08-29 07:20:14 53 [Note] InnoDB: 128 rollback segment(s) are active.
2018-08-29 07:20:14 53 [Note] InnoDB: Waiting for purge to start
2018-08-29 07:20:14 53 [Note] InnoDB: 5.6.40 started; log sequence number 4913786
2018-08-29 07:20:14 53 [Note] Server hostname (bind-address): '*'; port: 3306
2018-08-29 07:20:14 53 [Note] IPv6 is available.
2018-08-29 07:20:14 53 [Note]   - '::' resolves to '::';
2018-08-29 07:20:14 53 [Note] Server socket created on IP: '::'.
2018-08-29 07:20:14 53 [Warning] Insecure configuration for --pid-file: Location '/var/run/mysqld' in the path is accessible to all OS users. Consider choosing a different directory.
2018-08-29 07:20:14 53 [Warning] 'user' entry 'root@9fe08f37056c' ignored in --skip-name-resolve mode.
2018-08-29 07:20:14 53 [Warning] 'user' entry '@9fe08f37056c' ignored in --skip-name-resolve mode.
2018-08-29 07:20:14 53 [Warning] 'proxies_priv' entry '@ root@9fe08f37056c' ignored in --skip-name-resolve mode.
2018-08-29 07:20:14 53 [Note] Event Scheduler: Loaded 0 events
2018-08-29 07:20:14 53 [Note] /usr/sbin/mysqld: ready for connections.
Version: '5.6.40'  socket: '/var/run/mysqld/mysqld.sock'  port: 3306  MySQL Community Server (GPL)
2018-08-30 08:17:22 52 [Warning] Using unique option prefix myisam-recover instead of myisam-recover-options is deprecated and will be removed in a future release. Please use the full name instead.
2018-08-30 08:17:22 52 [Note] Plugin 'FEDERATED' is disabled.
2018-08-30 08:17:22 52 [Note] InnoDB: Using atomics to ref count buffer pool pages
2018-08-30 08:17:22 52 [Note] InnoDB: The InnoDB memory heap is disabled
2018-08-30 08:17:22 52 [Note] InnoDB: Mutexes and rw_locks use GCC atomic builtins
2018-08-30 08:17:22 52 [Note] InnoDB: Memory barrier is not used
2018-08-30 08:17:22 52 [Note] InnoDB: Compressed tables use zlib 1.2.3
2018-08-30 08:17:22 52 [Note] InnoDB: Using Linux native AIO
2018-08-30 08:17:22 52 [Note] InnoDB: Using CPU crc32 instructions
2018-08-30 08:17:22 52 [Note] InnoDB: Initializing buffer pool, size = 32.0M
2018-08-30 08:17:22 52 [Note] InnoDB: Completed initialization of buffer pool
2018-08-30 08:17:22 52 [Note] InnoDB: Highest supported file format is Barracuda.
2018-08-30 08:17:22 52 [Note] InnoDB: The log sequence numbers 4913786 and 4913786 in ibdata files do not match the log sequence number 5529189 in the ib_logfiles!
2018-08-30 08:17:22 52 [Note] InnoDB: Database was not shutdown normally!
2018-08-30 08:17:22 52 [Note] InnoDB: Starting crash recovery.
2018-08-30 08:17:22 52 [Note] InnoDB: Reading tablespace information from the .ibd files...
2018-08-30 08:17:22 52 [Note] InnoDB: Restoring possible half-written data pages 
2018-08-30 08:17:22 52 [Note] InnoDB: from the doublewrite buffer...
2018-08-30 08:17:23 52 [Note] InnoDB: 128 rollback segment(s) are active.
2018-08-30 08:17:23 52 [Note] InnoDB: Waiting for purge to start
2018-08-30 08:17:23 52 [Note] InnoDB: 5.6.40 started; log sequence number 5529189
2018-08-30 08:17:23 52 [Note] Server hostname (bind-address): '*'; port: 3306
2018-08-30 08:17:23 52 [Note] IPv6 is available.
2018-08-30 08:17:23 52 [Note]   - '::' resolves to '::';
2018-08-30 08:17:23 52 [Note] Server socket created on IP: '::'.
2018-08-30 08:17:23 52 [Warning] Insecure configuration for --pid-file: Location '/var/run/mysqld' in the path is accessible to all OS users. Consider choosing a different directory.
2018-08-30 08:17:23 52 [Warning] 'user' entry 'root@9fe08f37056c' ignored in --skip-name-resolve mode.
2018-08-30 08:17:23 52 [Warning] 'user' entry '@9fe08f37056c' ignored in --skip-name-resolve mode.
2018-08-30 08:17:23 52 [Warning] 'proxies_priv' entry '@ root@9fe08f37056c' ignored in --skip-name-resolve mode.
2018-08-30 08:17:23 52 [Note] Event Scheduler: Loaded 0 events
2018-08-30 08:17:23 52 [Note] /usr/sbin/mysqld: ready for connections.
Version: '5.6.40'  socket: '/var/run/mysqld/mysqld.sock'  port: 3306  MySQL Community Server (GPL)
2018-08-31 08:53:12 59 [Warning] Using unique option prefix myisam-recover instead of myisam-recover-options is deprecated and will be removed in a future release. Please use the full name instead.
2018-08-31 08:53:12 59 [Note] Plugin 'FEDERATED' is disabled.
2018-08-31 08:53:12 59 [Note] InnoDB: Using atomics to ref count buffer pool pages
2018-08-31 08:53:12 59 [Note] InnoDB: The InnoDB memory heap is disabled
2018-08-31 08:53:12 59 [Note] InnoDB: Mutexes and rw_locks use GCC atomic builtins
2018-08-31 08:53:12 59 [Note] InnoDB: Memory barrier is not used
2018-08-31 08:53:12 59 [Note] InnoDB: Compressed tables use zlib 1.2.3
2018-08-31 08:53:12 59 [Note] InnoDB: Using Linux native AIO
2018-08-31 08:53:12 59 [Note] InnoDB: Using CPU crc32 instructions
2018-08-31 08:53:12 59 [Note] InnoDB: Initializing buffer pool, size = 32.0M
2018-08-31 08:53:12 59 [Note] InnoDB: Completed initialization of buffer pool
2018-08-31 08:53:12 59 [Note] InnoDB: Highest supported file format is Barracuda.
2018-08-31 08:53:12 59 [Note] InnoDB: The log sequence numbers 4913786 and 4913786 in ibdata files do not match the log sequence number 6185686 in the ib_logfiles!
2018-08-31 08:53:12 59 [Note] InnoDB: Database was not shutdown normally!
2018-08-31 08:53:12 59 [Note] InnoDB: Starting crash recovery.
2018-08-31 08:53:12 59 [Note] InnoDB: Reading tablespace information from the .ibd files...
2018-08-31 08:53:12 59 [Note] InnoDB: Restoring possible half-written data pages 
2018-08-31 08:53:12 59 [Note] InnoDB: from the doublewrite buffer...
2018-08-31 08:53:12 59 [Note] InnoDB: 128 rollback segment(s) are active.
2018-08-31 08:53:12 59 [Note] InnoDB: Waiting for purge to start
2018-08-31 08:53:12 59 [Note] InnoDB: 5.6.40 started; log sequence number 6185686
2018-08-31 08:53:12 59 [Note] Server hostname (bind-address): '*'; port: 3306
2018-08-31 08:53:12 59 [Note] IPv6 is available.
2018-08-31 08:53:12 59 [Note]   - '::' resolves to '::';
2018-08-31 08:53:12 59 [Note] Server socket created on IP: '::'.
2018-08-31 08:53:12 59 [Warning] Insecure configuration for --pid-file: Location '/var/run/mysqld' in the path is accessible to all OS users. Consider choosing a different directory.
2018-08-31 08:53:12 59 [Warning] 'user' entry 'root@9fe08f37056c' ignored in --skip-name-resolve mode.
2018-08-31 08:53:12 59 [Warning] 'user' entry '@9fe08f37056c' ignored in --skip-name-resolve mode.
2018-08-31 08:53:12 59 [Warning] 'proxies_priv' entry '@ root@9fe08f37056c' ignored in --skip-name-resolve mode.
2018-08-31 08:53:12 59 [Note] Event Scheduler: Loaded 0 events
2018-08-31 08:53:12 59 [Note] /usr/sbin/mysqld: ready for connections.
Version: '5.6.40'  socket: '/var/run/mysqld/mysqld.sock'  port: 3306  MySQL Community Server (GPL)
2018-08-31 08:53:20 59 [Note] /usr/sbin/mysqld: Normal shutdown

2018-08-31 08:53:20 59 [Note] Giving 0 client threads a chance to die gracefully
2018-08-31 08:53:20 59 [Note] Event Scheduler: Purging the queue. 0 events
2018-08-31 08:53:20 59 [Note] Shutting down slave threads
2018-08-31 08:53:20 59 [Note] Forcefully disconnecting 0 remaining clients
2018-08-31 08:53:20 59 [Note] Binlog end
2018-08-31 08:53:20 59 [Note] Shutting down plugin 'partition'
2018-08-31 08:53:20 59 [Note] Shutting down plugin 'PERFORMANCE_SCHEMA'
2018-08-31 08:53:20 59 [Note] Shutting down plugin 'INNODB_SYS_DATAFILES'
2018-08-31 08:53:20 59 [Note] Shutting down plugin 'INNODB_SYS_TABLESPACES'
2018-08-31 08:53:20 59 [Note] Shutting down plugin 'INNODB_SYS_FOREIGN_COLS'
2018-08-31 08:53:20 59 [Note] Shutting down plugin 'INNODB_SYS_FOREIGN'
2018-08-31 08:53:20 59 [Note] Shutting down plugin 'INNODB_SYS_FIELDS'
2018-08-31 08:53:20 59 [Note] Shutting down plugin 'INNODB_SYS_COLUMNS'
2018-08-31 08:53:20 59 [Note] Shutting down plugin 'INNODB_SYS_INDEXES'
2018-08-31 08:53:20 59 [Note] Shutting down plugin 'INNODB_SYS_TABLESTATS'
2018-08-31 08:53:20 59 [Note] Shutting down plugin 'INNODB_SYS_TABLES'
2018-08-31 08:53:20 59 [Note] Shutting down plugin 'INNODB_FT_INDEX_TABLE'
2018-08-31 08:53:20 59 [Note] Shutting down plugin 'INNODB_FT_INDEX_CACHE'
2018-08-31 08:53:20 59 [Note] Shutting down plugin 'INNODB_FT_CONFIG'
2018-08-31 08:53:20 59 [Note] Shutting down plugin 'INNODB_FT_BEING_DELETED'
2018-08-31 08:53:20 59 [Note] Shutting down plugin 'INNODB_FT_DELETED'
2018-08-31 08:53:20 59 [Note] Shutting down plugin 'INNODB_FT_DEFAULT_STOPWORD'
2018-08-31 08:53:20 59 [Note] Shutting down plugin 'INNODB_METRICS'
2018-08-31 08:53:20 59 [Note] Shutting down plugin 'INNODB_BUFFER_POOL_STATS'
2018-08-31 08:53:20 59 [Note] Shutting down plugin 'INNODB_BUFFER_PAGE_LRU'
2018-08-31 08:53:20 59 [Note] Shutting down plugin 'INNODB_BUFFER_PAGE'
2018-08-31 08:53:20 59 [Note] Shutting down plugin 'INNODB_CMP_PER_INDEX_RESET'
2018-08-31 08:53:20 59 [Note] Shutting down plugin 'INNODB_CMP_PER_INDEX'
2018-08-31 08:53:20 59 [Note] Shutting down plugin 'INNODB_CMPMEM_RESET'
2018-08-31 08:53:20 59 [Note] Shutting down plugin 'INNODB_CMPMEM'
2018-08-31 08:53:20 59 [Note] Shutting down plugin 'INNODB_CMP_RESET'
2018-08-31 08:53:20 59 [Note] Shutting down plugin 'INNODB_CMP'
2018-08-31 08:53:20 59 [Note] Shutting down plugin 'INNODB_LOCK_WAITS'
2018-08-31 08:53:20 59 [Note] Shutting down plugin 'INNODB_LOCKS'
2018-08-31 08:53:20 59 [Note] Shutting down plugin 'INNODB_TRX'
2018-08-31 08:53:20 59 [Note] Shutting down plugin 'InnoDB'
2018-08-31 08:53:20 59 [Note] InnoDB: FTS optimize thread exiting.
2018-08-31 08:53:20 59 [Note] InnoDB: Starting shutdown...
2018-08-31 08:53:21 59 [Note] InnoDB: Shutdown completed; log sequence number 6185808
2018-08-31 08:53:21 59 [Note] Shutting down plugin 'BLACKHOLE'
2018-08-31 08:53:21 59 [Note] Shutting down plugin 'ARCHIVE'
2018-08-31 08:53:21 59 [Note] Shutting down plugin 'MRG_MYISAM'
2018-08-31 08:53:21 59 [Note] Shutting down plugin 'MyISAM'
2018-08-31 08:53:21 59 [Note] Shutting down plugin 'MEMORY'
2018-08-31 08:53:21 59 [Note] Shutting down plugin 'CSV'
2018-08-31 08:53:21 59 [Note] Shutting down plugin 'sha256_password'
2018-08-31 08:53:21 59 [Note] Shutting down plugin 'mysql_old_password'
2018-08-31 08:53:21 59 [Note] Shutting down plugin 'mysql_native_password'
2018-08-31 08:53:21 59 [Note] Shutting down plugin 'binlog'
2018-08-31 08:53:21 59 [Note] /usr/sbin/mysqld: Shutdown complete

2018-08-31 08:53:45 57 [Warning] Using unique option prefix myisam-recover instead of myisam-recover-options is deprecated and will be removed in a future release. Please use the full name instead.
2018-08-31 08:53:45 57 [Note] Plugin 'FEDERATED' is disabled.
2018-08-31 08:53:45 57 [Note] InnoDB: Using atomics to ref count buffer pool pages
2018-08-31 08:53:45 57 [Note] InnoDB: The InnoDB memory heap is disabled
2018-08-31 08:53:45 57 [Note] InnoDB: Mutexes and rw_locks use GCC atomic builtins
2018-08-31 08:53:45 57 [Note] InnoDB: Memory barrier is not used
2018-08-31 08:53:45 57 [Note] InnoDB: Compressed tables use zlib 1.2.3
2018-08-31 08:53:45 57 [Note] InnoDB: Using Linux native AIO
2018-08-31 08:53:45 57 [Note] InnoDB: Using CPU crc32 instructions
2018-08-31 08:53:45 57 [Note] InnoDB: Initializing buffer pool, size = 32.0M
2018-08-31 08:53:45 57 [Note] InnoDB: Completed initialization of buffer pool
2018-08-31 08:53:45 57 [Note] InnoDB: Highest supported file format is Barracuda.
2018-08-31 08:53:45 57 [Note] InnoDB: 128 rollback segment(s) are active.
2018-08-31 08:53:45 57 [Note] InnoDB: Waiting for purge to start
2018-08-31 08:53:45 57 [Note] InnoDB: 5.6.40 started; log sequence number 6185808
2018-08-31 08:53:45 57 [Note] Server hostname (bind-address): '*'; port: 3306
2018-08-31 08:53:45 57 [Note] IPv6 is available.
2018-08-31 08:53:45 57 [Note]   - '::' resolves to '::';
2018-08-31 08:53:45 57 [Note] Server socket created on IP: '::'.
2018-08-31 08:53:45 57 [Warning] Insecure configuration for --pid-file: Location '/var/run/mysqld' in the path is accessible to all OS users. Consider choosing a different directory.
2018-08-31 08:53:45 57 [Warning] 'user' entry 'root@9fe08f37056c' ignored in --skip-name-resolve mode.
2018-08-31 08:53:45 57 [Warning] 'user' entry '@9fe08f37056c' ignored in --skip-name-resolve mode.
2018-08-31 08:53:45 57 [Warning] 'proxies_priv' entry '@ root@9fe08f37056c' ignored in --skip-name-resolve mode.
2018-08-31 08:53:45 57 [Note] Event Scheduler: Loaded 0 events
2018-08-31 08:53:45 57 [Note] /usr/sbin/mysqld: ready for connections.
Version: '5.6.40'  socket: '/var/run/mysqld/mysqld.sock'  port: 3306  MySQL Community Server (GPL)
